This is pdfTeX, Version 3.14159265-2.6-1.40.21 (TeX Live 2020/W32TeX) (preloaded format=pdflatex 2020.9.5)  6 JAN 2022 14:54
entering extended mode
 restricted \write18 enabled.
 %&-line parsing enabled.
**content.tex
(./content.tex
LaTeX2e <2020-02-02> patch level 5
L3 programming layer <2020-09-03>
! Undefined control sequence.
l.1 \subsection
               {–û–±—â–∞—è —Ö–∞—Ä–∞–∫—Ç–µ—Ä–∏—Å—Ç–∏–∫–∞ —Ä–∞–±–æ—Ç—ã}
The control sequence at the end of the top line
of your error message was never \def'ed. If you have
misspelled it (e.g., `\hobx'), type `I' and the correct
spelling (e.g., `I\hbox'). Otherwise just continue,
and I'll forget about whatever was undefined.


! Package inputenc Error: Unicode character –û (U+041E)
(inputenc)                not set up for use with LaTeX.

See the inputenc package documentation for explanation.
Type  H <return>  for immediate help.
 ...                                              
                                                  
l.1 \subsection{–û
                  –±—â–∞—è —Ö–∞—Ä–∞–∫—Ç–µ—Ä–∏—Å—Ç–∏–∫–∞ —Ä–∞–±–æ—Ç—ã}
You may provide a definition with
\DeclareUnicodeCharacter 


! Package inputenc Error: Unicode character –± (U+0431)
(inputenc)                not set up for use with LaTeX.

See the inputenc package documentation for explanation.
Type  H <return>  for immediate help.
 ...                                              
                                                  
l.1 \subsection{–û–±
                    —â–∞—è —Ö–∞—Ä–∞–∫—Ç–µ—Ä–∏—Å—Ç–∏–∫–∞ —Ä–∞–±–æ—Ç—ã}
You may provide a definition with
\DeclareUnicodeCharacter 


! Package inputenc Error: Unicode character —â (U+0449)
(inputenc)                not set up for use with LaTeX.

See the inputenc package documentation for explanation.
Type  H <return>  for immediate help.
 ...                                              
                                                  
l.1 \subsection{–û–±—â
                      –∞—è —Ö–∞—Ä–∞–∫—Ç–µ—Ä–∏—Å—Ç–∏–∫–∞ —Ä–∞–±–æ—Ç—ã}
You may provide a definition with
\DeclareUnicodeCharacter 


! Package inputenc Error: Unicode character –∞ (U+0430)
(inputenc)                not set up for use with LaTeX.

See the inputenc package documentation for explanation.
Type  H <return>  for immediate help.
 ...                                              
                                                  
l.1 \subsection{–û–±—â–∞
                        —è —Ö–∞—Ä–∞–∫—Ç–µ—Ä–∏—Å—Ç–∏–∫–∞ —Ä–∞–±–æ—Ç—ã}
You may provide a definition with
\DeclareUnicodeCharacter 


! Package inputenc Error: Unicode character —è (U+044F)
(inputenc)                not set up for use with LaTeX.

See the inputenc package documentation for explanation.
Type  H <return>  for immediate help.
 ...                                              
                                                  
l.1 \subsection{–û–±—â–∞—è
                           —Ö–∞—Ä–∞–∫—Ç–µ—Ä–∏—Å—Ç–∏–∫–∞ —Ä–∞–±–æ—Ç—ã}
You may provide a definition with
\DeclareUnicodeCharacter 


! Package inputenc Error: Unicode character —Ö (U+0445)
(inputenc)                not set up for use with LaTeX.

See the inputenc package documentation for explanation.
Type  H <return>  for immediate help.
 ...                                              
                                                  
l.1 \subsection{–û–±—â–∞—è —Ö
                             –∞—Ä–∞–∫—Ç–µ—Ä–∏—Å—Ç–∏–∫–∞ —Ä–∞–±–æ—Ç—ã}
You may provide a definition with
\DeclareUnicodeCharacter 


! Package inputenc Error: Unicode character –∞ (U+0430)
(inputenc)                not set up for use with LaTeX.

See the inputenc package documentation for explanation.
Type  H <return>  for immediate help.
 ...                                              
                                                  
l.1 \subsection{–û–±—â–∞—è —Ö–∞
                               —Ä–∞–∫—Ç–µ—Ä–∏—Å—Ç–∏–∫–∞ —Ä–∞–±–æ—Ç—ã}
You may provide a definition with
\DeclareUnicodeCharacter 


! Package inputenc Error: Unicode character —Ä (U+0440)
(inputenc)                not set up for use with LaTeX.

See the inputenc package documentation for explanation.
Type  H <return>  for immediate help.
 ...                                              
                                                  
l.1 \subsection{–û–±—â–∞—è —Ö–∞—Ä
                                 –∞–∫—Ç–µ—Ä–∏—Å—Ç–∏–∫–∞ —Ä–∞–±–æ—Ç—ã}
You may provide a definition with
\DeclareUnicodeCharacter 


! Package inputenc Error: Unicode character –∞ (U+0430)
(inputenc)                not set up for use with LaTeX.

See the inputenc package documentation for explanation.
Type  H <return>  for immediate help.
 ...                                              
                                                  
l.1 \subsection{–û–±—â–∞—è —Ö–∞—Ä–∞
                                   –∫—Ç–µ—Ä–∏—Å—Ç–∏–∫–∞ —Ä–∞–±–æ—Ç—ã}
You may provide a definition with
\DeclareUnicodeCharacter 


! Package inputenc Error: Unicode character –∫ (U+043A)
(inputenc)                not set up for use with LaTeX.

See the inputenc package documentation for explanation.
Type  H <return>  for immediate help.
 ...                                              
                                                  
l.1 \subsection{–û–±—â–∞—è —Ö–∞—Ä–∞–∫
                                     —Ç–µ—Ä–∏—Å—Ç–∏–∫–∞ —Ä–∞–±–æ—Ç—ã}
You may provide a definition with
\DeclareUnicodeCharacter 


! Package inputenc Error: Unicode character —Ç (U+0442)
(inputenc)                not set up for use with LaTeX.

See the inputenc package documentation for explanation.
Type  H <return>  for immediate help.
 ...                                              
                                                  
l.1 \subsection{–û–±—â–∞—è —Ö–∞—Ä–∞–∫—Ç
                                       –µ—Ä–∏—Å—Ç–∏–∫–∞ —Ä–∞–±–æ—Ç—ã}
You may provide a definition with
\DeclareUnicodeCharacter 


! Package inputenc Error: Unicode character –µ (U+0435)
(inputenc)                not set up for use with LaTeX.

See the inputenc package documentation for explanation.
Type  H <return>  for immediate help.
 ...                                              
                                                  
l.1 \subsection{–û–±—â–∞—è —Ö–∞—Ä–∞–∫—Ç–µ
                                         —Ä–∏—Å—Ç–∏–∫–∞ —Ä–∞–±–æ—Ç—ã}
You may provide a definition with
\DeclareUnicodeCharacter 


! Package inputenc Error: Unicode character —Ä (U+0440)
(inputenc)                not set up for use with LaTeX.

See the inputenc package documentation for explanation.
Type  H <return>  for immediate help.
 ...                                              
                                                  
l.1 \subsection{–û–±—â–∞—è —Ö–∞—Ä–∞–∫—Ç–µ—Ä
                                           –∏—Å—Ç–∏–∫–∞ —Ä–∞–±–æ—Ç—ã}
You may provide a definition with
\DeclareUnicodeCharacter 


! Package inputenc Error: Unicode character –∏ (U+0438)
(inputenc)                not set up for use with LaTeX.

See the inputenc package documentation for explanation.
Type  H <return>  for immediate help.
 ...                                              
                                                  
l.1 \subsection{–û–±—â–∞—è —Ö–∞—Ä–∞–∫—Ç–µ—Ä–∏
                                             —Å—Ç–∏–∫–∞ —Ä–∞–±–æ—Ç—ã}
You may provide a definition with
\DeclareUnicodeCharacter 


! Package inputenc Error: Unicode character —Å (U+0441)
(inputenc)                not set up for use with LaTeX.

See the inputenc package documentation for explanation.
Type  H <return>  for immediate help.
 ...                                              
                                                  
l.1 \subsection{–û–±—â–∞—è —Ö–∞—Ä–∞–∫—Ç–µ—Ä–∏—Å
                                               —Ç–∏–∫–∞ —Ä–∞–±–æ—Ç—ã}
You may provide a definition with
\DeclareUnicodeCharacter 


! Package inputenc Error: Unicode character —Ç (U+0442)
(inputenc)                not set up for use with LaTeX.

See the inputenc package documentation for explanation.
Type  H <return>  for immediate help.
 ...                                              
                                                  
l.1 \subsection{–û–±—â–∞—è —Ö–∞—Ä–∞–∫—Ç–µ—Ä–∏—Å—Ç
                                                 –∏–∫–∞ —Ä–∞–±–æ—Ç—ã}
You may provide a definition with
\DeclareUnicodeCharacter 


! Package inputenc Error: Unicode character –∏ (U+0438)
(inputenc)                not set up for use with LaTeX.

See the inputenc package documentation for explanation.
Type  H <return>  for immediate help.
 ...                                              
                                                  
l.1 ...section{–û–±—â–∞—è —Ö–∞—Ä–∞–∫—Ç–µ—Ä–∏—Å—Ç–∏
                                                  –∫–∞ —Ä–∞–±–æ—Ç—ã}
You may provide a definition with
\DeclareUnicodeCharacter 


! Package inputenc Error: Unicode character –∫ (U+043A)
(inputenc)                not set up for use with LaTeX.

See the inputenc package documentation for explanation.
Type  H <return>  for immediate help.
 ...                                              
                                                  
l.1 ...ction{–û–±—â–∞—è —Ö–∞—Ä–∞–∫—Ç–µ—Ä–∏—Å—Ç–∏–∫
                                                  –∞ —Ä–∞–±–æ—Ç—ã}
You may provide a definition with
\DeclareUnicodeCharacter 


! Package inputenc Error: Unicode character –∞ (U+0430)
(inputenc)                not set up for use with LaTeX.

See the inputenc package documentation for explanation.
Type  H <return>  for immediate help.
 ...                                              
                                                  
l.1 ...ion{–û–±—â–∞—è —Ö–∞—Ä–∞–∫—Ç–µ—Ä–∏—Å—Ç–∏–∫–∞
                                                   —Ä–∞–±–æ—Ç—ã}
You may provide a definition with
\DeclareUnicodeCharacter 


! Package inputenc Error: Unicode character —Ä (U+0440)
(inputenc)                not set up for use with LaTeX.

See the inputenc package documentation for explanation.
Type  H <return>  for immediate help.
 ...                                              
                                                  
l.1 ...{–û–±—â–∞—è —Ö–∞—Ä–∞–∫—Ç–µ—Ä–∏—Å—Ç–∏–∫–∞ —Ä
                                                  –∞–±–æ—Ç—ã}
You may provide a definition with
\DeclareUnicodeCharacter 


! Package inputenc Error: Unicode character –∞ (U+0430)
(inputenc)                not set up for use with LaTeX.

See the inputenc package documentation for explanation.
Type  H <return>  for immediate help.
 ...                                              
                                                  
l.1 ...û–±—â–∞—è —Ö–∞—Ä–∞–∫—Ç–µ—Ä–∏—Å—Ç–∏–∫–∞ —Ä–∞
                                                  –±–æ—Ç—ã}
You may provide a definition with
\DeclareUnicodeCharacter 


! Package inputenc Error: Unicode character –± (U+0431)
(inputenc)                not set up for use with LaTeX.

See the inputenc package documentation for explanation.
Type  H <return>  for immediate help.
 ...                                              
                                                  
l.1 ...±—â–∞—è —Ö–∞—Ä–∞–∫—Ç–µ—Ä–∏—Å—Ç–∏–∫–∞ —Ä–∞–±
                                                  –æ—Ç—ã}
You may provide a definition with
\DeclareUnicodeCharacter 


! Package inputenc Error: Unicode character –æ (U+043E)
(inputenc)                not set up for use with LaTeX.

See the inputenc package documentation for explanation.
Type  H <return>  for immediate help.
 ...                                              
                                                  
l.1 ...â–∞—è —Ö–∞—Ä–∞–∫—Ç–µ—Ä–∏—Å—Ç–∏–∫–∞ —Ä–∞–±–æ
                                                  —Ç—ã}
You may provide a definition with
\DeclareUnicodeCharacter 


! Package inputenc Error: Unicode character —Ç (U+0442)
(inputenc)                not set up for use with LaTeX.

See the inputenc package documentation for explanation.
Type  H <return>  for immediate help.
 ...                                              
                                                  
l.1 ...∞—è —Ö–∞—Ä–∞–∫—Ç–µ—Ä–∏—Å—Ç–∏–∫–∞ —Ä–∞–±–æ—Ç
                                                  —ã}
You may provide a definition with
\DeclareUnicodeCharacter 


! Package inputenc Error: Unicode character —ã (U+044B)
(inputenc)                not set up for use with LaTeX.

See the inputenc package documentation for explanation.
Type  H <return>  for immediate help.
 ...                                              
                                                  
l.1 ...è —Ö–∞—Ä–∞–∫—Ç–µ—Ä–∏—Å—Ç–∏–∫–∞ —Ä–∞–±–æ—Ç—ã
                                                  }
You may provide a definition with
\DeclareUnicodeCharacter 

! Undefined control sequence.
l.6 \paragraph
              {–ê–∫—Ç—É–∞–ª—å–Ω–æ—Å—Ç—å —Ç–µ–º—ã –∏—Å—Å–ª–µ–¥–æ–≤–∞–Ω–∏—è.} ...
The control sequence at the end of the top line
of your error message was never \def'ed. If you have
misspelled it (e.g., `\hobx'), type `I' and the correct
spelling (e.g., `I\hbox'). Otherwise just continue,
and I'll forget about whatever was undefined.


! Package inputenc Error: Unicode character –ê (U+0410)
(inputenc)                not set up for use with LaTeX.

See the inputenc package documentation for explanation.
Type  H <return>  for immediate help.
 ...                                              
                                                  
l.6 \paragraph{–ê
                 –∫—Ç—É–∞–ª—å–Ω–æ—Å—Ç—å —Ç–µ–º—ã –∏—Å—Å–ª–µ–¥–æ–≤–∞–Ω–∏—è.} ...

You may provide a definition with
\DeclareUnicodeCharacter 


! Package inputenc Error: Unicode character –∫ (U+043A)
(inputenc)                not set up for use with LaTeX.

See the inputenc package documentation for explanation.
Type  H <return>  for immediate help.
 ...                                              
                                                  
l.6 \paragraph{–ê–∫
                   —Ç—É–∞–ª—å–Ω–æ—Å—Ç—å —Ç–µ–º—ã –∏—Å—Å–ª–µ–¥–æ–≤–∞–Ω–∏—è.} ...

You may provide a definition with
\DeclareUnicodeCharacter 


! Package inputenc Error: Unicode character —Ç (U+0442)
(inputenc)                not set up for use with LaTeX.

See the inputenc package documentation for explanation.
Type  H <return>  for immediate help.
 ...                                              
                                                  
l.6 \paragraph{–ê–∫—Ç
                     —É–∞–ª—å–Ω–æ—Å—Ç—å —Ç–µ–º—ã –∏—Å—Å–ª–µ–¥–æ–≤–∞–Ω–∏—è.} ...

You may provide a definition with
\DeclareUnicodeCharacter 


! Package inputenc Error: Unicode character —É (U+0443)
(inputenc)                not set up for use with LaTeX.

See the inputenc package documentation for explanation.
Type  H <return>  for immediate help.
 ...                                              
                                                  
l.6 \paragraph{–ê–∫—Ç—É
                       –∞–ª—å–Ω–æ—Å—Ç—å —Ç–µ–º—ã –∏—Å—Å–ª–µ–¥–æ–≤–∞–Ω–∏—è.} ...

You may provide a definition with
\DeclareUnicodeCharacter 


! Package inputenc Error: Unicode character –∞ (U+0430)
(inputenc)                not set up for use with LaTeX.

See the inputenc package documentation for explanation.
Type  H <return>  for immediate help.
 ...                                              
                                                  
l.6 \paragraph{–ê–∫—Ç—É–∞
                         –ª—å–Ω–æ—Å—Ç—å —Ç–µ–º—ã –∏—Å—Å–ª–µ–¥–æ–≤–∞–Ω–∏—è.} ...

You may provide a definition with
\DeclareUnicodeCharacter 


! Package inputenc Error: Unicode character –ª (U+043B)
(inputenc)                not set up for use with LaTeX.

See the inputenc package documentation for explanation.
Type  H <return>  for immediate help.
 ...                                              
                                                  
l.6 \paragraph{–ê–∫—Ç—É–∞–ª
                           —å–Ω–æ—Å—Ç—å —Ç–µ–º—ã –∏—Å—Å–ª–µ–¥–æ–≤–∞–Ω–∏—è.} ...

You may provide a definition with
\DeclareUnicodeCharacter 


! Package inputenc Error: Unicode character —å (U+044C)
(inputenc)                not set up for use with LaTeX.

See the inputenc package documentation for explanation.
Type  H <return>  for immediate help.
 ...                                              
                                                  
l.6 \paragraph{–ê–∫—Ç—É–∞–ª—å
                             –Ω–æ—Å—Ç—å —Ç–µ–º—ã –∏—Å—Å–ª–µ–¥–æ–≤–∞–Ω–∏—è.} ...

You may provide a definition with
\DeclareUnicodeCharacter 


! Package inputenc Error: Unicode character –Ω (U+043D)
(inputenc)                not set up for use with LaTeX.

See the inputenc package documentation for explanation.
Type  H <return>  for immediate help.
 ...                                              
                                                  
l.6 \paragraph{–ê–∫—Ç—É–∞–ª—å–Ω
                               –æ—Å—Ç—å —Ç–µ–º—ã –∏—Å—Å–ª–µ–¥–æ–≤–∞–Ω–∏—è.} ...

You may provide a definition with
\DeclareUnicodeCharacter 


! Package inputenc Error: Unicode character –æ (U+043E)
(inputenc)                not set up for use with LaTeX.

See the inputenc package documentation for explanation.
Type  H <return>  for immediate help.
 ...                                              
                                                  
l.6 \paragraph{–ê–∫—Ç—É–∞–ª—å–Ω–æ
                                 —Å—Ç—å —Ç–µ–º—ã –∏—Å—Å–ª–µ–¥–æ–≤–∞–Ω–∏—è.} ...

You may provide a definition with
\DeclareUnicodeCharacter 


! Package inputenc Error: Unicode character —Å (U+0441)
(inputenc)                not set up for use with LaTeX.

See the inputenc package documentation for explanation.
Type  H <return>  for immediate help.
 ...                                              
                                                  
l.6 \paragraph{–ê–∫—Ç—É–∞–ª—å–Ω–æ—Å
                                   —Ç—å —Ç–µ–º—ã –∏—Å—Å–ª–µ–¥–æ–≤–∞–Ω–∏—è.} ...

You may provide a definition with
\DeclareUnicodeCharacter 


! Package inputenc Error: Unicode character —Ç (U+0442)
(inputenc)                not set up for use with LaTeX.

See the inputenc package documentation for explanation.
Type  H <return>  for immediate help.
 ...                                              
                                                  
l.6 \paragraph{–ê–∫—Ç—É–∞–ª—å–Ω–æ—Å—Ç
                                     —å —Ç–µ–º—ã –∏—Å—Å–ª–µ–¥–æ–≤–∞–Ω–∏—è.} ...

You may provide a definition with
\DeclareUnicodeCharacter 


! Package inputenc Error: Unicode character —å (U+044C)
(inputenc)                not set up for use with LaTeX.

See the inputenc package documentation for explanation.
Type  H <return>  for immediate help.
 ...                                              
                                                  
l.6 \paragraph{–ê–∫—Ç—É–∞–ª—å–Ω–æ—Å—Ç—å
                                        —Ç–µ–º—ã –∏—Å—Å–ª–µ–¥–æ–≤–∞–Ω–∏—è.} ...

You may provide a definition with
\DeclareUnicodeCharacter 


! Package inputenc Error: Unicode character —Ç (U+0442)
(inputenc)                not set up for use with LaTeX.

See the inputenc package documentation for explanation.
Type  H <return>  for immediate help.
 ...                                              
                                                  
l.6 \paragraph{–ê–∫—Ç—É–∞–ª—å–Ω–æ—Å—Ç—å —Ç
                                          –µ–º—ã –∏—Å—Å–ª–µ–¥–æ–≤–∞–Ω–∏—è.} ...

You may provide a definition with
\DeclareUnicodeCharacter 


! Package inputenc Error: Unicode character –µ (U+0435)
(inputenc)                not set up for use with LaTeX.

See the inputenc package documentation for explanation.
Type  H <return>  for immediate help.
 ...                                              
                                                  
l.6 \paragraph{–ê–∫—Ç—É–∞–ª—å–Ω–æ—Å—Ç—å —Ç–µ
                                            –º—ã –∏—Å—Å–ª–µ–¥–æ–≤–∞–Ω–∏—è.} ...

You may provide a definition with
\DeclareUnicodeCharacter 


! Package inputenc Error: Unicode character –º (U+043C)
(inputenc)                not set up for use with LaTeX.

See the inputenc package documentation for explanation.
Type  H <return>  for immediate help.
 ...                                              
                                                  
l.6 \paragraph{–ê–∫—Ç—É–∞–ª—å–Ω–æ—Å—Ç—å —Ç–µ–º
                                              —ã –∏—Å—Å–ª–µ–¥–æ–≤–∞–Ω–∏—è.} ...

You may provide a definition with
\DeclareUnicodeCharacter 


! Package inputenc Error: Unicode character —ã (U+044B)
(inputenc)                not set up for use with LaTeX.

See the inputenc package documentation for explanation.
Type  H <return>  for immediate help.
 ...                                              
                                                  
l.6 \paragraph{–ê–∫—Ç—É–∞–ª—å–Ω–æ—Å—Ç—å —Ç–µ–º—ã
                                                 –∏—Å—Å–ª–µ–¥–æ–≤–∞–Ω–∏—è.} ...

You may provide a definition with
\DeclareUnicodeCharacter 


! Package inputenc Error: Unicode character –∏ (U+0438)
(inputenc)                not set up for use with LaTeX.

See the inputenc package documentation for explanation.
Type  H <return>  for immediate help.
 ...                                              
                                                  
l.6 ...agraph{–ê–∫—Ç—É–∞–ª—å–Ω–æ—Å—Ç—å —Ç–µ–º—ã –∏
                                                  —Å—Å–ª–µ–¥–æ–≤–∞–Ω–∏—è.} –...

You may provide a definition with
\DeclareUnicodeCharacter 


! Package inputenc Error: Unicode character —Å (U+0441)
(inputenc)                not set up for use with LaTeX.

See the inputenc package documentation for explanation.
Type  H <return>  for immediate help.
 ...                                              
                                                  
l.6 ...raph{–ê–∫—Ç—É–∞–ª—å–Ω–æ—Å—Ç—å —Ç–µ–º—ã –∏—Å
                                                  —Å–ª–µ–¥–æ–≤–∞–Ω–∏—è.} –ö ...

You may provide a definition with
\DeclareUnicodeCharacter 


! Package inputenc Error: Unicode character —Å (U+0441)
(inputenc)                not set up for use with LaTeX.

See the inputenc package documentation for explanation.
Type  H <return>  for immediate help.
 ...                                              
                                                  
l.6 ...ph{–ê–∫—Ç—É–∞–ª—å–Ω–æ—Å—Ç—å —Ç–µ–º—ã –∏—Å—Å
                                                  –ª–µ–¥–æ–≤–∞–Ω–∏—è.} –ö –ø...

You may provide a definition with
\DeclareUnicodeCharacter 


! Package inputenc Error: Unicode character –ª (U+043B)
(inputenc)                not set up for use with LaTeX.

See the inputenc package documentation for explanation.
Type  H <return>  for immediate help.
 ...                                              
                                                  
l.6 ...{–ê–∫—Ç—É–∞–ª—å–Ω–æ—Å—Ç—å —Ç–µ–º—ã –∏—Å—Å–ª
                                                  –µ–¥–æ–≤–∞–Ω–∏—è.} –ö –ø–æ...

You may provide a definition with
\DeclareUnicodeCharacter 


! Package inputenc Error: Unicode character –µ (U+0435)
(inputenc)                not set up for use with LaTeX.

See the inputenc package documentation for explanation.
Type  H <return>  for immediate help.
 ...                                              
                                                  
l.6 ...ê–∫—Ç—É–∞–ª—å–Ω–æ—Å—Ç—å —Ç–µ–º—ã –∏—Å—Å–ª–µ
                                                  –¥–æ–≤–∞–Ω–∏—è.} –ö –ø–æ–¥...

You may provide a definition with
\DeclareUnicodeCharacter 


! Package inputenc Error: Unicode character –¥ (U+0434)
(inputenc)                not set up for use with LaTeX.

See the inputenc package documentation for explanation.
Type  H <return>  for immediate help.
 ...                                              
                                                  
l.6 ...∫—Ç—É–∞–ª—å–Ω–æ—Å—Ç—å —Ç–µ–º—ã –∏—Å—Å–ª–µ–¥
                                                  –æ–≤–∞–Ω–∏—è.} –ö –ø–æ–¥–∑...

You may provide a definition with
\DeclareUnicodeCharacter 


! Package inputenc Error: Unicode character –æ (U+043E)
(inputenc)                not set up for use with LaTeX.

See the inputenc package documentation for explanation.
Type  H <return>  for immediate help.
 ...                                              
                                                  
l.6 ...Ç—É–∞–ª—å–Ω–æ—Å—Ç—å —Ç–µ–º—ã –∏—Å—Å–ª–µ–¥–æ
                                                  –≤–∞–Ω–∏—è.} –ö –ø–æ–¥–∑–µ...

You may provide a definition with
\DeclareUnicodeCharacter 


! Package inputenc Error: Unicode character –≤ (U+0432)
(inputenc)                not set up for use with LaTeX.

See the inputenc package documentation for explanation.
Type  H <return>  for immediate help.
 ...                                              
                                                  
l.6 ...É–∞–ª—å–Ω–æ—Å—Ç—å —Ç–µ–º—ã –∏—Å—Å–ª–µ–¥–æ–≤
                                                  –∞–Ω–∏—è.} –ö –ø–æ–¥–∑–µ–º...

You may provide a definition with
\DeclareUnicodeCharacter 


! Package inputenc Error: Unicode character –∞ (U+0430)
(inputenc)                not set up for use with LaTeX.

See the inputenc package documentation for explanation.
Type  H <return>  for immediate help.
 ...                                              
                                                  
l.6 ...∞–ª—å–Ω–æ—Å—Ç—å —Ç–µ–º—ã –∏—Å—Å–ª–µ–¥–æ–≤–∞
                                                  –Ω–∏—è.} –ö –ø–æ–¥–∑–µ–º–Ω...

You may provide a definition with
\DeclareUnicodeCharacter 


! Package inputenc Error: Unicode character –Ω (U+043D)
(inputenc)                not set up for use with LaTeX.

See the inputenc package documentation for explanation.
Type  H <return>  for immediate help.
 ...                                              
                                                  
l.6 ...ª—å–Ω–æ—Å—Ç—å —Ç–µ–º—ã –∏—Å—Å–ª–µ–¥–æ–≤–∞–Ω
                                                  –∏—è.} –ö –ø–æ–¥–∑–µ–º–Ω—ã...

You may provide a definition with
\DeclareUnicodeCharacter 


! Package inputenc Error: Unicode character –∏ (U+0438)
(inputenc)                not set up for use with LaTeX.

See the inputenc package documentation for explanation.
Type  H <return>  for immediate help.
 ...                                              
                                                  
l.6 ...å–Ω–æ—Å—Ç—å —Ç–µ–º—ã –∏—Å—Å–ª–µ–¥–æ–≤–∞–Ω–∏
                                                  —è.} –ö –ø–æ–¥–∑–µ–º–Ω—ã–º...

You may provide a definition with
\DeclareUnicodeCharacter 


! Package inputenc Error: Unicode character —è (U+044F)
(inputenc)                not set up for use with LaTeX.

See the inputenc package documentation for explanation.
Type  H <return>  for immediate help.
 ...                                              
                                                  
l.6 ...Ω–æ—Å—Ç—å —Ç–µ–º—ã –∏—Å—Å–ª–µ–¥–æ–≤–∞–Ω–∏—è
                                                  .} –ö –ø–æ–¥–∑–µ–º–Ω—ã–º –...

You may provide a definition with
\DeclareUnicodeCharacter 


! LaTeX Error: Missing \begin{document}.

See the LaTeX manual or LaTeX Companion for explanation.
Type  H <return>  for immediate help.
 ...                                              
                                                  
l.6 ...–æ—Å—Ç—å —Ç–µ–º—ã –∏—Å—Å–ª–µ–¥–æ–≤–∞–Ω–∏—è.
                                                  } –ö –ø–æ–¥–∑–µ–º–Ω—ã–º –≥...

You're in trouble here.  Try typing  <return>  to proceed.
If that doesn't work, type  X <return>  to quit.

Missing character: There is no . in font nullfont!

! Package inputenc Error: Unicode character –ö (U+041A)
(inputenc)                not set up for use with LaTeX.

See the inputenc package documentation for explanation.
Type  H <return>  for immediate help.
 ...                                              
                                                  
l.6 ...—Ç—å —Ç–µ–º—ã –∏—Å—Å–ª–µ–¥–æ–≤–∞–Ω–∏—è.} –ö
                                                   –ø–æ–¥–∑–µ–º–Ω—ã–º –≥—Ä—ã...

You may provide a definition with
\DeclareUnicodeCharacter 


! Package inputenc Error: Unicode character –ø (U+043F)
(inputenc)                not set up for use with LaTeX.

See the inputenc package documentation for explanation.
Type  H <return>  for immediate help.
 ...                                              
                                                  
l.6 ...å —Ç–µ–º—ã –∏—Å—Å–ª–µ–¥–æ–≤–∞–Ω–∏—è.} –ö –ø
                                                  –æ–¥–∑–µ–º–Ω—ã–º –≥—Ä—ã–∑—...

You may provide a definition with
\DeclareUnicodeCharacter 


! Package inputenc Error: Unicode character –æ (U+043E)
(inputenc)                not set up for use with LaTeX.

See the inputenc package documentation for explanation.
Type  H <return>  for immediate help.
 ...                                              
                                                  
l.6 ...—Ç–µ–º—ã –∏—Å—Å–ª–µ–¥–æ–≤–∞–Ω–∏—è.} –ö –ø–æ
                                                  –¥–∑–µ–º–Ω—ã–º –≥—Ä—ã–∑—É–...

You may provide a definition with
\DeclareUnicodeCharacter 


! Package inputenc Error: Unicode character –¥ (U+0434)
(inputenc)                not set up for use with LaTeX.

See the inputenc package documentation for explanation.
Type  H <return>  for immediate help.
 ...                                              
                                                  
l.6 ...–µ–º—ã –∏—Å—Å–ª–µ–¥–æ–≤–∞–Ω–∏—è.} –ö –ø–æ–¥
                                                  –∑–µ–º–Ω—ã–º –≥—Ä—ã–∑—É–Ω–...

You may provide a definition with
\DeclareUnicodeCharacter 


! Package inputenc Error: Unicode character –∑ (U+0437)
(inputenc)                not set up for use with LaTeX.

See the inputenc package documentation for explanation.
Type  H <return>  for immediate help.
 ...                                              
                                                  
l.6 ...–º—ã –∏—Å—Å–ª–µ–¥–æ–≤–∞–Ω–∏—è.} –ö –ø–æ–¥–∑
                                                  –µ–º–Ω—ã–º –≥—Ä—ã–∑—É–Ω–∞–...

You may provide a definition with
\DeclareUnicodeCharacter 


! Package inputenc Error: Unicode character –µ (U+0435)
(inputenc)                not set up for use with LaTeX.

See the inputenc package documentation for explanation.
Type  H <return>  for immediate help.
 ...                                              
                                                  
l.6 ...—ã –∏—Å—Å–ª–µ–¥–æ–≤–∞–Ω–∏—è.} –ö –ø–æ–¥–∑–µ
                                                  –º–Ω—ã–º –≥—Ä—ã–∑—É–Ω–∞–º ...

You may provide a definition with
\DeclareUnicodeCharacter 


! Package inputenc Error: Unicode character –º (U+043C)
(inputenc)                not set up for use with LaTeX.

See the inputenc package documentation for explanation.
Type  H <return>  for immediate help.
 ...                                              
                                                  
l.6 ... –∏—Å—Å–ª–µ–¥–æ–≤–∞–Ω–∏—è.} –ö –ø–æ–¥–∑–µ–º
                                                  –Ω—ã–º –≥—Ä—ã–∑—É–Ω–∞–º –æ...

You may provide a definition with
\DeclareUnicodeCharacter 


! Package inputenc Error: Unicode character –Ω (U+043D)
(inputenc)                not set up for use with LaTeX.

See the inputenc package documentation for explanation.
Type  H <return>  for immediate help.
 ...                                              
                                                  
l.6 ...∏—Å—Å–ª–µ–¥–æ–≤–∞–Ω–∏—è.} –ö –ø–æ–¥–∑–µ–º–Ω
                                                  —ã–º –≥—Ä—ã–∑—É–Ω–∞–º –æ—Ç...

You may provide a definition with
\DeclareUnicodeCharacter 


! Package inputenc Error: Unicode character —ã (U+044B)
(inputenc)                not set up for use with LaTeX.

See the inputenc package documentation for explanation.
Type  H <return>  for immediate help.
 ...                                              
                                                  
l.6 ...Å—Å–ª–µ–¥–æ–≤–∞–Ω–∏—è.} –ö –ø–æ–¥–∑–µ–º–Ω—ã
                                                  –º –≥—Ä—ã–∑—É–Ω–∞–º –æ—Ç–Ω...

You may provide a definition with
\DeclareUnicodeCharacter 


! Package inputenc Error: Unicode character –º (U+043C)
(inputenc)                not set up for use with LaTeX.

See the inputenc package documentation for explanation.
Type  H <return>  for immediate help.
 ...                                              
                                                  
l.6 ...Å–ª–µ–¥–æ–≤–∞–Ω–∏—è.} –ö –ø–æ–¥–∑–µ–º–Ω—ã–º
                                                   –≥—Ä—ã–∑—É–Ω–∞–º –æ—Ç–Ω–æ...

You may provide a definition with
\DeclareUnicodeCharacter 


! Package inputenc Error: Unicode character –≥ (U+0433)
(inputenc)                not set up for use with LaTeX.

See the inputenc package documentation for explanation.
Type  H <return>  for immediate help.
 ...                                              
                                                  
l.6 ...–µ–¥–æ–≤–∞–Ω–∏—è.} –ö –ø–æ–¥–∑–µ–º–Ω—ã–º –≥
                                                  —Ä—ã–∑—É–Ω–∞–º –æ—Ç–Ω–æ—Å—...

You may provide a definition with
\DeclareUnicodeCharacter 


! Package inputenc Error: Unicode character —Ä (U+0440)
(inputenc)                not set up for use with LaTeX.

See the inputenc package documentation for explanation.
Type  H <return>  for immediate help.
 ...                                              
                                                  
l.6 ...–¥–æ–≤–∞–Ω–∏—è.} –ö –ø–æ–¥–∑–µ–º–Ω—ã–º –≥—Ä
                                                  —ã–∑—É–Ω–∞–º –æ—Ç–Ω–æ—Å—è—...

You may provide a definition with
\DeclareUnicodeCharacter 


! Package inputenc Error: Unicode character —ã (U+044B)
(inputenc)                not set up for use with LaTeX.

See the inputenc package documentation for explanation.
Type  H <return>  for immediate help.
 ...                                              
                                                  
l.6 ...–æ–≤–∞–Ω–∏—è.} –ö –ø–æ–¥–∑–µ–º–Ω—ã–º –≥—Ä—ã
                                                  –∑—É–Ω–∞–º –æ—Ç–Ω–æ—Å—è—Ç ...

You may provide a definition with
\DeclareUnicodeCharacter 


! Package inputenc Error: Unicode character –∑ (U+0437)
(inputenc)                not set up for use with LaTeX.

See the inputenc package documentation for explanation.
Type  H <return>  for immediate help.
 ...                                              
                                                  
l.6 ...–≤–∞–Ω–∏—è.} –ö –ø–æ–¥–∑–µ–º–Ω—ã–º –≥—Ä—ã–∑
                                                  —É–Ω–∞–º –æ—Ç–Ω–æ—Å—è—Ç –ø...

You may provide a definition with
\DeclareUnicodeCharacter 


! Package inputenc Error: Unicode character —É (U+0443)
(inputenc)                not set up for use with LaTeX.

See the inputenc package documentation for explanation.
Type  H <return>  for immediate help.
 ...                                              
                                                  
l.6 ...–∞–Ω–∏—è.} –ö –ø–æ–¥–∑–µ–º–Ω—ã–º –≥—Ä—ã–∑—É
                                                  –Ω–∞–º –æ—Ç–Ω–æ—Å—è—Ç –ø—Ä...

You may provide a definition with
\DeclareUnicodeCharacter 


! Package inputenc Error: Unicode character –Ω (U+043D)
(inputenc)                not set up for use with LaTeX.

See the inputenc package documentation for explanation.
Type  H <return>  for immediate help.
 ...                                              
                                                  
l.6 ...–Ω–∏—è.} –ö –ø–æ–¥–∑–µ–º–Ω—ã–º –≥—Ä—ã–∑—É–Ω
                                                  –∞–º –æ—Ç–Ω–æ—Å—è—Ç –ø—Ä–∏...

You may provide a definition with
\DeclareUnicodeCharacter 


! Package inputenc Error: Unicode character –∞ (U+0430)
(inputenc)                not set up for use with LaTeX.

See the inputenc package documentation for explanation.
Type  H <return>  for immediate help.
 ...                                              
                                                  
l.6 ...–∏—è.} –ö –ø–æ–¥–∑–µ–º–Ω—ã–º –≥—Ä—ã–∑—É–Ω–∞
                                                  –º –æ—Ç–Ω–æ—Å—è—Ç –ø—Ä–∏–º...

You may provide a definition with
\DeclareUnicodeCharacter 


! Package inputenc Error: Unicode character –º (U+043C)
(inputenc)                not set up for use with LaTeX.

See the inputenc package documentation for explanation.
Type  H <return>  for immediate help.
 ...                                              
                                                  
l.6 ...—è.} –ö –ø–æ–¥–∑–µ–º–Ω—ã–º –≥—Ä—ã–∑—É–Ω–∞–º
                                                   –æ—Ç–Ω–æ—Å—è—Ç –ø—Ä–∏–º–µ...

You may provide a definition with
\DeclareUnicodeCharacter 


! Package inputenc Error: Unicode character –æ (U+043E)
(inputenc)                not set up for use with LaTeX.

See the inputenc package documentation for explanation.
Type  H <return>  for immediate help.
 ...                                              
                                                  
l.6 ...} –ö –ø–æ–¥–∑–µ–º–Ω—ã–º –≥—Ä—ã–∑—É–Ω–∞–º –æ
                                                  —Ç–Ω–æ—Å—è—Ç –ø—Ä–∏–º–µ—Ä–...

You may provide a definition with
\DeclareUnicodeCharacter 


! Package inputenc Error: Unicode character —Ç (U+0442)
(inputenc)                not set up for use with LaTeX.

See the inputenc package documentation for explanation.
Type  H <return>  for immediate help.
 ...                                              
                                                  
l.6 ...–ö –ø–æ–¥–∑–µ–º–Ω—ã–º –≥—Ä—ã–∑—É–Ω–∞–º –æ—Ç
                                                  –Ω–æ—Å—è—Ç –ø—Ä–∏–º–µ—Ä–Ω–...

You may provide a definition with
\DeclareUnicodeCharacter 


! Package inputenc Error: Unicode character –Ω (U+043D)
(inputenc)                not set up for use with LaTeX.

See the inputenc package documentation for explanation.
Type  H <return>  for immediate help.
 ...                                              
                                                  
l.6 ... –ø–æ–¥–∑–µ–º–Ω—ã–º –≥—Ä—ã–∑—É–Ω–∞–º –æ—Ç–Ω
                                                  –æ—Å—è—Ç –ø—Ä–∏–º–µ—Ä–Ω–æ ...

You may provide a definition with
\DeclareUnicodeCharacter 


! Package inputenc Error: Unicode character –æ (U+043E)
(inputenc)                not set up for use with LaTeX.

See the inputenc package documentation for explanation.
Type  H <return>  for immediate help.
 ...                                              
                                                  
l.6 ...ø–æ–¥–∑–µ–º–Ω—ã–º –≥—Ä—ã–∑—É–Ω–∞–º –æ—Ç–Ω–æ
                                                  —Å—è—Ç –ø—Ä–∏–º–µ—Ä–Ω–æ 25...

You may provide a definition with
\DeclareUnicodeCharacter 


! Package inputenc Error: Unicode character —Å (U+0441)
(inputenc)                not set up for use with LaTeX.

See the inputenc package documentation for explanation.
Type  H <return>  for immediate help.
 ...                                              
                                                  
l.6 ...æ–¥–∑–µ–º–Ω—ã–º –≥—Ä—ã–∑—É–Ω–∞–º –æ—Ç–Ω–æ—Å
                                                  —è—Ç –ø—Ä–∏–º–µ—Ä–Ω–æ 250 ...

You may provide a definition with
\DeclareUnicodeCharacter 


! Package inputenc Error: Unicode character —è (U+044F)
(inputenc)                not set up for use with LaTeX.

See the inputenc package documentation for explanation.
Type  H <return>  for immediate help.
 ...                                              
                                                  
l.6 ...¥–∑–µ–º–Ω—ã–º –≥—Ä—ã–∑—É–Ω–∞–º –æ—Ç–Ω–æ—Å—è
                                                  —Ç –ø—Ä–∏–º–µ—Ä–Ω–æ 250 –≤...

You may provide a definition with
\DeclareUnicodeCharacter 


! Package inputenc Error: Unicode character —Ç (U+0442)
(inputenc)                not set up for use with LaTeX.

See the inputenc package documentation for explanation.
Type  H <return>  for immediate help.
 ...                                              
                                                  
l.6 ...∑–µ–º–Ω—ã–º –≥—Ä—ã–∑—É–Ω–∞–º –æ—Ç–Ω–æ—Å—è—Ç
                                                   –ø—Ä–∏–º–µ—Ä–Ω–æ 250 –≤–∏...

You may provide a definition with
\DeclareUnicodeCharacter 


! Package inputenc Error: Unicode character –ø (U+043F)
(inputenc)                not set up for use with LaTeX.

See the inputenc package documentation for explanation.
Type  H <return>  for immediate help.
 ...                                              
                                                  
l.6 ...–º–Ω—ã–º –≥—Ä—ã–∑—É–Ω–∞–º –æ—Ç–Ω–æ—Å—è—Ç –ø
                                                  —Ä–∏–º–µ—Ä–Ω–æ 250 –≤–∏–¥–...

You may provide a definition with
\DeclareUnicodeCharacter 


! Package inputenc Error: Unicode character —Ä (U+0440)
(inputenc)                not set up for use with LaTeX.

See the inputenc package documentation for explanation.
Type  H <return>  for immediate help.
 ...                                              
                                                  
l.6 ...–Ω—ã–º –≥—Ä—ã–∑—É–Ω–∞–º –æ—Ç–Ω–æ—Å—è—Ç –ø—Ä
                                                  –∏–º–µ—Ä–Ω–æ 250 –≤–∏–¥–æ–...

You may provide a definition with
\DeclareUnicodeCharacter 


! Package inputenc Error: Unicode character –∏ (U+0438)
(inputenc)                not set up for use with LaTeX.

See the inputenc package documentation for explanation.
Type  H <return>  for immediate help.
 ...                                              
                                                  
l.6 ...—ã–º –≥—Ä—ã–∑—É–Ω–∞–º –æ—Ç–Ω–æ—Å—è—Ç –ø—Ä–∏
                                                  –º–µ—Ä–Ω–æ 250 –≤–∏–¥–æ–≤,...

You may provide a definition with
\DeclareUnicodeCharacter 


! Package inputenc Error: Unicode character –º (U+043C)
(inputenc)                not set up for use with LaTeX.

See the inputenc package documentation for explanation.
Type  H <return>  for immediate help.
 ...                                              
                                                  
l.6 ...–º –≥—Ä—ã–∑—É–Ω–∞–º –æ—Ç–Ω–æ—Å—è—Ç –ø—Ä–∏–º
                                                  –µ—Ä–Ω–æ 250 –≤–∏–¥–æ–≤, –...

You may provide a definition with
\DeclareUnicodeCharacter 


! Package inputenc Error: Unicode character –µ (U+0435)
(inputenc)                not set up for use with LaTeX.

See the inputenc package documentation for explanation.
Type  H <return>  for immediate help.
 ...                                              
                                                  
l.6 ... –≥—Ä—ã–∑—É–Ω–∞–º –æ—Ç–Ω–æ—Å—è—Ç –ø—Ä–∏–º–µ
                                                  —Ä–Ω–æ 250 –≤–∏–¥–æ–≤, –ø—...

You may provide a definition with
\DeclareUnicodeCharacter 


! Package inputenc Error: Unicode character —Ä (U+0440)
(inputenc)                not set up for use with LaTeX.

See the inputenc package documentation for explanation.
Type  H <return>  for immediate help.
 ...                                              
                                                  
l.6 ...≥—Ä—ã–∑—É–Ω–∞–º –æ—Ç–Ω–æ—Å—è—Ç –ø—Ä–∏–º–µ—Ä
                                                  –Ω–æ 250 –≤–∏–¥–æ–≤, –ø—Ä–...

You may provide a definition with
\DeclareUnicodeCharacter 


! Package inputenc Error: Unicode character –Ω (U+043D)
(inputenc)                not set up for use with LaTeX.

See the inputenc package documentation for explanation.
Type  H <return>  for immediate help.
 ...                                              
                                                  
l.6 ...Ä—ã–∑—É–Ω–∞–º –æ—Ç–Ω–æ—Å—è—Ç –ø—Ä–∏–º–µ—Ä–Ω
                                                  –æ 250 –≤–∏–¥–æ–≤, –ø—Ä–æ–...

You may provide a definition with
\DeclareUnicodeCharacter 


! Package inputenc Error: Unicode character –æ (U+043E)
(inputenc)                not set up for use with LaTeX.

See the inputenc package documentation for explanation.
Type  H <return>  for immediate help.
 ...                                              
                                                  
l.6 ...ã–∑—É–Ω–∞–º –æ—Ç–Ω–æ—Å—è—Ç –ø—Ä–∏–º–µ—Ä–Ω–æ
                                                   250 –≤–∏–¥–æ–≤, –ø—Ä–æ–≤–...

You may provide a definition with
\DeclareUnicodeCharacter 

Missing character: There is no 2 in font nullfont!
Missing character: There is no 5 in font nullfont!
Missing character: There is no 0 in font nullfont!

! Package inputenc Error: Unicode character –≤ (U+0432)
(inputenc)                not set up for use with LaTeX.

See the inputenc package documentation for explanation.
Type  H <return>  for immediate help.
 ...                                              
                                                  
l.6 ...–∞–º –æ—Ç–Ω–æ—Å—è—Ç –ø—Ä–∏–º–µ—Ä–Ω–æ 250 –≤
                                                  –∏–¥–æ–≤, –ø—Ä–æ–≤–æ–¥—è—â...

You may provide a definition with
\DeclareUnicodeCharacter 


! Package inputenc Error: Unicode character –∏ (U+0438)
(inputenc)                not set up for use with LaTeX.

See the inputenc package documentation for explanation.
Type  H <return>  for immediate help.
 ...                                              
                                                  
l.6 ...–º –æ—Ç–Ω–æ—Å—è—Ç –ø—Ä–∏–º–µ—Ä–Ω–æ 250 –≤–∏
                                                  –¥–æ–≤, –ø—Ä–æ–≤–æ–¥—è—â–∏...

You may provide a definition with
\DeclareUnicodeCharacter 


! Package inputenc Error: Unicode character –¥ (U+0434)
(inputenc)                not set up for use with LaTeX.

See the inputenc package documentation for explanation.
Type  H <return>  for immediate help.
 ...                                              
                                                  
l.6 ... –æ—Ç–Ω–æ—Å—è—Ç –ø—Ä–∏–º–µ—Ä–Ω–æ 250 –≤–∏–¥
                                                  –æ–≤, –ø—Ä–æ–≤–æ–¥—è—â–∏—Ö...

You may provide a definition with
\DeclareUnicodeCharacter 


! Package inputenc Error: Unicode character –æ (U+043E)
(inputenc)                not set up for use with LaTeX.

See the inputenc package documentation for explanation.
Type  H <return>  for immediate help.
 ...                                              
                                                  
l.6 ...æ—Ç–Ω–æ—Å—è—Ç –ø—Ä–∏–º–µ—Ä–Ω–æ 250 –≤–∏–¥–æ
                                                  –≤, –ø—Ä–æ–≤–æ–¥—è—â–∏—Ö –...

You may provide a definition with
\DeclareUnicodeCharacter 


! Package inputenc Error: Unicode character –≤ (U+0432)
(inputenc)                not set up for use with LaTeX.

See the inputenc package documentation for explanation.
Type  H <return>  for immediate help.
 ...                                              
                                                  
l.6 ...Ç–Ω–æ—Å—è—Ç –ø—Ä–∏–º–µ—Ä–Ω–æ 250 –≤–∏–¥–æ–≤
                                                  , –ø—Ä–æ–≤–æ–¥—è—â–∏—Ö –≤—...

You may provide a definition with
\DeclareUnicodeCharacter 

Missing character: There is no , in font nullfont!

! Package inputenc Error: Unicode character –ø (U+043F)
(inputenc)                not set up for use with LaTeX.

See the inputenc package documentation for explanation.
Type  H <return>  for immediate help.
 ...                                              
                                                  
l.6 ...æ—Å—è—Ç –ø—Ä–∏–º–µ—Ä–Ω–æ 250 –≤–∏–¥–æ–≤, –ø
                                                  —Ä–æ–≤–æ–¥—è—â–∏—Ö –≤—Å—é ...

You may provide a definition with
\DeclareUnicodeCharacter 


! Package inputenc Error: Unicode character —Ä (U+0440)
(inputenc)                not set up for use with LaTeX.

See the inputenc package documentation for explanation.
Type  H <return>  for immediate help.
 ...                                              
                                                  
l.6 ...Å—è—Ç –ø—Ä–∏–º–µ—Ä–Ω–æ 250 –≤–∏–¥–æ–≤, –ø—Ä
                                                  –æ–≤–æ–¥—è—â–∏—Ö –≤—Å—é –∏...

You may provide a definition with
\DeclareUnicodeCharacter 


! Package inputenc Error: Unicode character –æ (U+043E)
(inputenc)                not set up for use with LaTeX.

See the inputenc package documentation for explanation.
Type  H <return>  for immediate help.
 ...                                              
                                                  
l.6 ...è—Ç –ø—Ä–∏–º–µ—Ä–Ω–æ 250 –≤–∏–¥–æ–≤, –ø—Ä–æ
                                                  –≤–æ–¥—è—â–∏—Ö –≤—Å—é –∏–ª...

You may provide a definition with
\DeclareUnicodeCharacter 


! Package inputenc Error: Unicode character –≤ (U+0432)
(inputenc)                not set up for use with LaTeX.

See the inputenc package documentation for explanation.
Type  H <return>  for immediate help.
 ...                                              
                                                  
l.6 ...Ç –ø—Ä–∏–º–µ—Ä–Ω–æ 250 –≤–∏–¥–æ–≤, –ø—Ä–æ–≤
                                                  –æ–¥—è—â–∏—Ö –≤—Å—é –∏–ª–∏...

You may provide a definition with
\DeclareUnicodeCharacter 


! Package inputenc Error: Unicode character –æ (U+043E)
(inputenc)                not set up for use with LaTeX.

See the inputenc package documentation for explanation.
Type  H <return>  for immediate help.
 ...                                              
                                                  
l.6 ...–ø—Ä–∏–º–µ—Ä–Ω–æ 250 –≤–∏–¥–æ–≤, –ø—Ä–æ–≤–æ
                                                  –¥—è—â–∏—Ö –≤—Å—é –∏–ª–∏ –...

You may provide a definition with
\DeclareUnicodeCharacter 


! Package inputenc Error: Unicode character –¥ (U+0434)
(inputenc)                not set up for use with LaTeX.

See the inputenc package documentation for explanation.
Type  H <return>  for immediate help.
 ...                                              
                                                  
l.6 ...—Ä–∏–º–µ—Ä–Ω–æ 250 –≤–∏–¥–æ–≤, –ø—Ä–æ–≤–æ–¥
                                                  —è—â–∏—Ö –≤—Å—é –∏–ª–∏ –ø–...
(That makes 100 errors; please try again.) 
Here is how much of TeX's memory you used:
 43 strings out of 480880
 723 string characters out of 5911595
 243487 words of memory out of 5000000
 15766 multiletter control sequences out of 15000+600000
 535088 words of font info for 29 fonts, out of 8000000 for 9000
 1141 hyphenation exceptions out of 8191
 12i,0n,15p,1532b,33s stack positions out of 5000i,500n,10000p,200000b,80000s

!  ==> Fatal error occurred, no output PDF file produced!
